<?xml version="1.0" encoding="UTF-8"?>
<!-- Generated by org.testng.reporters.JUnitXMLReporter -->
<testsuite ignored="2" hostname="LAPTOP-K838KOOG" failures="0" tests="2" name="Default test" time="46.766" errors="0" timestamp="2025-09-09T06:52:04 IST">
  <testcase classname="testcase.Login" name="validLoginTest" time="36.891"/>
  <testcase classname="testcase.Order" name="placeOrderTest" time="2.143"/>
  <testcase classname="browser.Launchquit" name="@AfterTest quit" time="0.0">
    <ignored/>
  </testcase> <!-- @AfterTest quit -->
  <testcase classname="browser.Launchquit" name="@BeforeTest setUp" time="0.0">
    <ignored/>
  </testcase> <!-- @BeforeTest setUp -->
</testsuite> <!-- Default test -->
